GowinSynthesis start
Running parser ...
Analyzing Verilog file '/Users/hiroshi/Developer/FPGA/LChika/src/top.v'
Compiling module 'top'("/Users/hiroshi/Developer/FPGA/LChika/src/top.v":12)
NOTE  (EX0101) : Current top module is "top"
[5%] Running netlist conversion ...
WARN  (CV0016) : Input sys_sw is unused("/Users/hiroshi/Developer/FPGA/LChika/src/top.v":15)
Running device independent optimization ...
[10%] Optimizing Phase 0 completed
[15%] Optimizing Phase 1 completed
[25%] Optimizing Phase 2 completed
Running inference ...
[30%] Inferring Phase 0 completed
[40%] Inferring Phase 1 completed
[50%] Inferring Phase 2 completed
[55%] Inferring Phase 3 completed
Running technical mapping ...
[60%] Tech-Mapping Phase 0 completed
[65%] Tech-Mapping Phase 1 completed
[75%] Tech-Mapping Phase 2 completed
[80%] Tech-Mapping Phase 3 completed
[90%] Tech-Mapping Phase 4 completed
[95%] Generate netlist file "/Users/hiroshi/Developer/FPGA/LChika/impl/gwsynthesis/LChika.vg" completed
[100%] Generate report file "/Users/hiroshi/Developer/FPGA/LChika/impl/gwsynthesis/LChika_syn.rpt.html" completed
GowinSynthesis finish
